<?xml version="1.0" encoding="UTF-8"?>
<testng-results skipped="0" failed="1" total="5" passed="4">
  <reporter-output>
  </reporter-output>
  <suite name="ZoomD" duration-ms="109563" started-at="2016-07-11T20:55:23Z" finished-at="2016-07-11T20:57:12Z">
    <groups>
    </groups>
    <test name="Chrome test" duration-ms="60721" started-at="2016-07-11T20:55:23Z" finished-at="2016-07-11T20:56:23Z">
      <class name="tests.Test5">
        <test-method status="PASS" signature="initializeTestBaseSetup(java.lang.String, java.lang.String)[pri:0, instance:tests.Test5@18be83e4]" name="initializeTestBaseSetup" is-config="true" duration-ms="5380" started-at="2016-07-11T23:55:50Z" finished-at="2016-07-11T23:55:55Z">
          <params>
            <param index="0">
              <value>
                <![CDATA[chrome]]>
              </value>
            </param>
            <param index="1">
              <value>
                <![CDATA[https://demo.zoomdata.com:8443]]>
              </value>
            </param>
          </params>
          <reporter-output>
          </reporter-output>
        </test-method> <!-- initializeTestBaseSetup -->
        <test-method status="PASS" signature="loginFlow(java.lang.String, java.lang.String)[pri:0, instance:tests.Test5@18be83e4]" name="loginFlow" is-config="true" duration-ms="15024" started-at="2016-07-11T23:55:55Z" finished-at="2016-07-11T23:56:10Z">
          <params>
            <param index="0">
              <value>
                <![CDATA[zoomdata_test]]>
              </value>
            </param>
            <param index="1">
              <value>
                <![CDATA[password]]>
              </value>
            </param>
          </params>
          <reporter-output>
          </reporter-output>
        </test-method> <!-- loginFlow -->
        <test-method status="PASS" signature="Start()[pri:0, instance:tests.Test5@18be83e4]" name="Start" is-config="true" duration-ms="1" started-at="2016-07-11T23:56:10Z" finished-at="2016-07-11T23:56:10Z">
          <reporter-output>
          </reporter-output>
        </test-method> <!-- Start -->
        <test-method status="FAIL" signature="Task5()[pri:0, instance:tests.Test5@18be83e4]" name="Task5" duration-ms="12909" started-at="2016-07-11T23:56:10Z" finished-at="2016-07-11T23:56:23Z">
          <exception class="org.openqa.selenium.TimeoutException">
            <message>
              <![CDATA[Timed out after 6 seconds waiting for presence of element located by: By.cssSelector: div[class='zd-radial-item-center']
Build info: version: '2.53.1', revision: 'a36b8b1', time: '2016-06-30 17:37:03'
System info: host: 'Bobimir', ip: '192.168.1.42', os.name: 'Windows 8.1', os.arch: 'amd64', os.version: '6.3', java.version: '1.8.0_45'
Driver info: org.openqa.selenium.chrome.ChromeDriver
Capabilities [{applicationCacheEnabled=false, rotatable=false, mobileEmulationEnabled=false, chrome={userDataDir=C:\Users\Vladimir\AppData\Local\Temp\scoped_dir5744_304}, takesHeapSnapshot=true, databaseEnabled=false, handlesAlerts=true, hasTouchScreen=false, version=51.0.2704.103, platform=WIN8_1, browserConnectionEnabled=false, nativeEvents=true, acceptSslCerts=true, locationContextEnabled=true, webStorageEnabled=true, browserName=chrome, takesScreenshot=true, javascriptEnabled=true, cssSelectorsEnabled=true}]
Session ID: 8451243c613054d4d6d159dbec62dcae]]>
            </message>
            <full-stacktrace>
              <![CDATA[org.openqa.selenium.TimeoutException: Timed out after 6 seconds waiting for presence of element located by: By.cssSelector: div[class='zd-radial-item-center']
Build info: version: '2.53.1', revision: 'a36b8b1', time: '2016-06-30 17:37:03'
System info: host: 'Bobimir', ip: '192.168.1.42', os.name: 'Windows 8.1', os.arch: 'amd64', os.version: '6.3', java.version: '1.8.0_45'
Driver info: org.openqa.selenium.chrome.ChromeDriver
Capabilities [{applicationCacheEnabled=false, rotatable=false, mobileEmulationEnabled=false, chrome={userDataDir=C:\Users\Vladimir\AppData\Local\Temp\scoped_dir5744_304}, takesHeapSnapshot=true, databaseEnabled=false, handlesAlerts=true, hasTouchScreen=false, version=51.0.2704.103, platform=WIN8_1, browserConnectionEnabled=false, nativeEvents=true, acceptSslCerts=true, locationContextEnabled=true, webStorageEnabled=true, browserName=chrome, takesScreenshot=true, javascriptEnabled=true, cssSelectorsEnabled=true}]
Session ID: 8451243c613054d4d6d159dbec62dcae
	at org.openqa.selenium.support.ui.WebDriverWait.timeoutException(WebDriverWait.java:80)
	at org.openqa.selenium.support.ui.FluentWait.until(FluentWait.java:261)
	at pageobjects.Mysql_automationPage.clickZoom(Mysql_automationPage.java:56)
	at tests.Test5.Task5(Test5.java:31)
	at sun.reflect.NativeMethodAccessorImpl.invoke0(Native Method)
	at sun.reflect.NativeMethodAccessorImpl.invoke(Unknown Source)
	at sun.reflect.DelegatingMethodAccessorImpl.invoke(Unknown Source)
	at java.lang.reflect.Method.invoke(Unknown Source)
	at org.testng.internal.MethodInvocationHelper.invokeMethod(MethodInvocationHelper.java:86)
	at org.testng.internal.Invoker.invokeMethod(Invoker.java:646)
	at org.testng.internal.Invoker.invokeTestMethod(Invoker.java:823)
	at org.testng.internal.Invoker.invokeTestMethods(Invoker.java:1131)
	at org.testng.internal.TestMethodWorker.invokeTestMethods(TestMethodWorker.java:129)
	at org.testng.internal.TestMethodWorker.run(TestMethodWorker.java:112)
	at org.testng.TestRunner.privateRun(TestRunner.java:778)
	at org.testng.TestRunner.run(TestRunner.java:632)
	at org.testng.SuiteRunner.runTest(SuiteRunner.java:366)
	at org.testng.SuiteRunner.access$000(SuiteRunner.java:39)
	at org.testng.SuiteRunner$SuiteWorker.run(SuiteRunner.java:400)
	at org.testng.internal.thread.ThreadUtil$2.call(ThreadUtil.java:64)
	at java.util.concurrent.FutureTask.run(Unknown Source)
	at java.util.concurrent.ThreadPoolExecutor.runWorker(Unknown Source)
	at java.util.concurrent.ThreadPoolExecutor$Worker.run(Unknown Source)
	at java.lang.Thread.run(Unknown Source)
Caused by: org.openqa.selenium.NoSuchElementException: no such element: Unable to locate element: {"method":"css selector","selector":"div[class='zd-radial-item-center']"}
  (Session info: chrome=51.0.2704.103)
  (Driver info: chromedriver=2.20.353145 (343b531d31eeb933ec778dbcf7081628a1396067),platform=Windows NT 6.3 x86_64) (WARNING: The server did not provide any stacktrace information)
Command duration or timeout: 13 milliseconds
For documentation on this error, please visit: http://seleniumhq.org/exceptions/no_such_element.html
Build info: version: '2.53.1', revision: 'a36b8b1', time: '2016-06-30 17:37:03'
System info: host: 'Bobimir', ip: '192.168.1.42', os.name: 'Windows 8.1', os.arch: 'amd64', os.version: '6.3', java.version: '1.8.0_45'
Driver info: org.openqa.selenium.chrome.ChromeDriver
Capabilities [{applicationCacheEnabled=false, rotatable=false, mobileEmulationEnabled=false, chrome={userDataDir=C:\Users\Vladimir\AppData\Local\Temp\scoped_dir5744_304}, takesHeapSnapshot=true, databaseEnabled=false, handlesAlerts=true, hasTouchScreen=false, version=51.0.2704.103, platform=WIN8_1, browserConnectionEnabled=false, nativeEvents=true, acceptSslCerts=true, locationContextEnabled=true, webStorageEnabled=true, browserName=chrome, takesScreenshot=true, javascriptEnabled=true, cssSelectorsEnabled=true}]
Session ID: 8451243c613054d4d6d159dbec62dcae
*** Element info: {Using=css selector, value=div[class='zd-radial-item-center']}
	at sun.reflect.GeneratedConstructorAccessor10.newInstance(Unknown Source)
	at sun.reflect.DelegatingConstructorAccessorImpl.newInstance(Unknown Source)
	at java.lang.reflect.Constructor.newInstance(Unknown Source)
	at org.openqa.selenium.remote.ErrorHandler.createThrowable(ErrorHandler.java:206)
	at org.openqa.selenium.remote.ErrorHandler.throwIfResponseFailed(ErrorHandler.java:158)
	at org.openqa.selenium.remote.RemoteWebDriver.execute(RemoteWebDriver.java:678)
	at org.openqa.selenium.remote.RemoteWebDriver.findElement(RemoteWebDriver.java:363)
	at org.openqa.selenium.remote.RemoteWebDriver.findElementByCssSelector(RemoteWebDriver.java:492)
	at org.openqa.selenium.By$ByCssSelector.findElement(By.java:430)
	at org.openqa.selenium.remote.RemoteWebDriver.findElement(RemoteWebDriver.java:355)
	at org.openqa.selenium.support.ui.ExpectedConditions.findElement(ExpectedConditions.java:899)
	at org.openqa.selenium.support.ui.ExpectedConditions.access$0(ExpectedConditions.java:897)
	at org.openqa.selenium.support.ui.ExpectedConditions$6.apply(ExpectedConditions.java:181)
	at org.openqa.selenium.support.ui.ExpectedConditions$6.apply(ExpectedConditions.java:1)
	at org.openqa.selenium.support.ui.FluentWait.until(FluentWait.java:238)
	... 22 more
]]>
            </full-stacktrace>
          </exception> <!-- org.openqa.selenium.TimeoutException -->
          <reporter-output>
          </reporter-output>
        </test-method> <!-- Task5 -->
      </class> <!-- tests.Test5 -->
      <class name="tests.Test4">
        <test-method status="PASS" signature="initializeTestBaseSetup(java.lang.String, java.lang.String)[pri:0, instance:tests.Test4@8bd1b6a]" name="initializeTestBaseSetup" is-config="true" duration-ms="6090" started-at="2016-07-11T23:55:23Z" finished-at="2016-07-11T23:55:29Z">
          <params>
            <param index="0">
              <value>
                <![CDATA[chrome]]>
              </value>
            </param>
            <param index="1">
              <value>
                <![CDATA[https://demo.zoomdata.com:8443]]>
              </value>
            </param>
          </params>
          <reporter-output>
          </reporter-output>
        </test-method> <!-- initializeTestBaseSetup -->
        <test-method status="PASS" signature="loginFlow(java.lang.String, java.lang.String)[pri:0, instance:tests.Test4@8bd1b6a]" name="loginFlow" is-config="true" duration-ms="6716" started-at="2016-07-11T23:55:29Z" finished-at="2016-07-11T23:55:35Z">
          <params>
            <param index="0">
              <value>
                <![CDATA[zoomdata_test]]>
              </value>
            </param>
            <param index="1">
              <value>
                <![CDATA[password]]>
              </value>
            </param>
          </params>
          <reporter-output>
          </reporter-output>
        </test-method> <!-- loginFlow -->
        <test-method status="PASS" signature="Start()[pri:0, instance:tests.Test4@8bd1b6a]" name="Start" is-config="true" duration-ms="0" started-at="2016-07-11T23:55:35Z" finished-at="2016-07-11T23:55:35Z">
          <reporter-output>
          </reporter-output>
        </test-method> <!-- Start -->
        <test-method status="PASS" signature="Task4()[pri:0, instance:tests.Test4@8bd1b6a]" name="Task4" duration-ms="14557" started-at="2016-07-11T23:55:35Z" finished-at="2016-07-11T23:55:50Z">
          <reporter-output>
          </reporter-output>
        </test-method> <!-- Task4 -->
      </class> <!-- tests.Test4 -->
    </test> <!-- Chrome test -->
    <test name="Firefox test" duration-ms="109563" started-at="2016-07-11T20:55:23Z" finished-at="2016-07-11T20:57:12Z">
      <class name="tests.Test2">
        <test-method status="PASS" signature="initializeTestBaseSetup(java.lang.String, java.lang.String)[pri:0, instance:tests.Test2@7f9a81e8]" name="initializeTestBaseSetup" is-config="true" duration-ms="11239" started-at="2016-07-11T23:55:48Z" finished-at="2016-07-11T23:55:59Z">
          <params>
            <param index="0">
              <value>
                <![CDATA[firefox]]>
              </value>
            </param>
            <param index="1">
              <value>
                <![CDATA[https://demo.zoomdata.com:8443]]>
              </value>
            </param>
          </params>
          <reporter-output>
          </reporter-output>
        </test-method> <!-- initializeTestBaseSetup -->
        <test-method status="PASS" signature="loginFlow(java.lang.String, java.lang.String)[pri:0, instance:tests.Test2@7f9a81e8]" name="loginFlow" is-config="true" duration-ms="9162" started-at="2016-07-11T23:55:59Z" finished-at="2016-07-11T23:56:08Z">
          <params>
            <param index="0">
              <value>
                <![CDATA[zoomdata_test]]>
              </value>
            </param>
            <param index="1">
              <value>
                <![CDATA[password]]>
              </value>
            </param>
          </params>
          <reporter-output>
          </reporter-output>
        </test-method> <!-- loginFlow -->
        <test-method status="PASS" signature="Start()[pri:0, instance:tests.Test2@7f9a81e8]" name="Start" is-config="true" duration-ms="0" started-at="2016-07-11T23:56:08Z" finished-at="2016-07-11T23:56:08Z">
          <reporter-output>
          </reporter-output>
        </test-method> <!-- Start -->
        <test-method status="PASS" signature="Task2()[pri:0, instance:tests.Test2@7f9a81e8]" name="Task2" duration-ms="18643" started-at="2016-07-11T23:56:08Z" finished-at="2016-07-11T23:56:27Z">
          <reporter-output>
          </reporter-output>
        </test-method> <!-- Task2 -->
      </class> <!-- tests.Test2 -->
      <class name="tests.Test1">
        <test-method status="PASS" signature="initializeTestBaseSetup(java.lang.String, java.lang.String)[pri:0, instance:tests.Test1@51081592]" name="initializeTestBaseSetup" is-config="true" duration-ms="11906" started-at="2016-07-11T23:55:23Z" finished-at="2016-07-11T23:55:35Z">
          <params>
            <param index="0">
              <value>
                <![CDATA[firefox]]>
              </value>
            </param>
            <param index="1">
              <value>
                <![CDATA[https://demo.zoomdata.com:8443]]>
              </value>
            </param>
          </params>
          <reporter-output>
          </reporter-output>
        </test-method> <!-- initializeTestBaseSetup -->
        <test-method status="PASS" signature="loginFlow(java.lang.String, java.lang.String)[pri:0, instance:tests.Test1@51081592]" name="loginFlow" is-config="true" duration-ms="11275" started-at="2016-07-11T23:55:35Z" finished-at="2016-07-11T23:55:46Z">
          <params>
            <param index="0">
              <value>
                <![CDATA[zoomdata_test]]>
              </value>
            </param>
            <param index="1">
              <value>
                <![CDATA[password]]>
              </value>
            </param>
          </params>
          <reporter-output>
          </reporter-output>
        </test-method> <!-- loginFlow -->
        <test-method status="PASS" signature="Start()[pri:0, instance:tests.Test1@51081592]" name="Start" is-config="true" duration-ms="0" started-at="2016-07-11T23:55:46Z" finished-at="2016-07-11T23:55:46Z">
          <reporter-output>
          </reporter-output>
        </test-method> <!-- Start -->
        <test-method status="PASS" signature="Task1()[pri:0, instance:tests.Test1@51081592]" name="Task1" duration-ms="1985" started-at="2016-07-11T23:55:46Z" finished-at="2016-07-11T23:55:48Z">
          <reporter-output>
          </reporter-output>
        </test-method> <!-- Task1 -->
      </class> <!-- tests.Test1 -->
      <class name="tests.Test3">
        <test-method status="PASS" signature="initializeTestBaseSetup(java.lang.String, java.lang.String)[pri:0, instance:tests.Test3@9629756]" name="initializeTestBaseSetup" is-config="true" duration-ms="10426" started-at="2016-07-11T23:56:27Z" finished-at="2016-07-11T23:56:37Z">
          <params>
            <param index="0">
              <value>
                <![CDATA[firefox]]>
              </value>
            </param>
            <param index="1">
              <value>
                <![CDATA[https://demo.zoomdata.com:8443]]>
              </value>
            </param>
          </params>
          <reporter-output>
          </reporter-output>
        </test-method> <!-- initializeTestBaseSetup -->
        <test-method status="PASS" signature="loginFlow(java.lang.String, java.lang.String)[pri:0, instance:tests.Test3@9629756]" name="loginFlow" is-config="true" duration-ms="13107" started-at="2016-07-11T23:56:37Z" finished-at="2016-07-11T23:56:50Z">
          <params>
            <param index="0">
              <value>
                <![CDATA[zoomdata_test]]>
              </value>
            </param>
            <param index="1">
              <value>
                <![CDATA[password]]>
              </value>
            </param>
          </params>
          <reporter-output>
          </reporter-output>
        </test-method> <!-- loginFlow -->
        <test-method status="PASS" signature="Start()[pri:0, instance:tests.Test3@9629756]" name="Start" is-config="true" duration-ms="0" started-at="2016-07-11T23:56:50Z" finished-at="2016-07-11T23:56:50Z">
          <reporter-output>
          </reporter-output>
        </test-method> <!-- Start -->
        <test-method status="PASS" signature="Task3()[pri:0, instance:tests.Test3@9629756]" name="Task3" duration-ms="21805" started-at="2016-07-11T23:56:50Z" finished-at="2016-07-11T23:57:12Z">
          <reporter-output>
          </reporter-output>
        </test-method> <!-- Task3 -->
      </class> <!-- tests.Test3 -->
    </test> <!-- Firefox test -->
  </suite> <!-- ZoomD -->
</testng-results>
